[Sun May 07 21:39:50.704007 2023] [ssl:warn] [pid 11484:tid 444] AH01909: www.example.com:443:0 server certificate does NOT include an ID which matches the server name
[Sun May 07 21:39:50.944127 2023] [ssl:warn] [pid 11484:tid 444] AH01909: www.example.com:443:0 server certificate does NOT include an ID which matches the server name
PHP Warning:  PHP Startup: Unable to load dynamic library 'sodium' (tried: C:\\Users\\Nathan\\Downloads\\MoodleWindowsInstaller-latest-311\\server\\php\\ext\\sodium (The specified module could not be found.), C:\\Users\\Nathan\\Downloads\\MoodleWindowsInstaller-latest-311\\server\\php\\ext\\php_sodium.dll (The specified module could not be found.)) in Unknown on line 0
[Sun May 07 21:39:55.742030 2023] [mpm_winnt:notice] [pid 11484:tid 444] AH00455: Apache/2.4.53 (Win64) OpenSSL/1.1.1n PHP/7.4.28 configured -- resuming normal operations
[Sun May 07 21:39:55.742986 2023] [mpm_winnt:notice] [pid 11484:tid 444] AH00456: Apache Lounge VC15 Server built: Mar 16 2022 15:48:38
[Sun May 07 21:39:55.742986 2023] [core:notice] [pid 11484:tid 444] AH00094: Command line: 'apache\\bin\\httpd.exe -d C:/Users/Nathan/Downloads/MoodleWindowsInstaller-latest-311/server/apache -f conf\\httpd.conf'
[Sun May 07 21:39:55.791965 2023] [mpm_winnt:notice] [pid 11484:tid 444] AH00418: Parent: Created child process 13440
[Sun May 07 21:39:56.741435 2023] [ssl:warn] [pid 13440:tid 460] AH01909: www.example.com:443:0 server certificate does NOT include an ID which matches the server name
[Sun May 07 21:39:56.926359 2023] [ssl:warn] [pid 13440:tid 460] AH01909: www.example.com:443:0 server certificate does NOT include an ID which matches the server name
PHP Warning:  PHP Startup: Unable to load dynamic library 'sodium' (tried: C:\\Users\\Nathan\\Downloads\\MoodleWindowsInstaller-latest-311\\server\\php\\ext\\sodium (The specified module could not be found.), C:\\Users\\Nathan\\Downloads\\MoodleWindowsInstaller-latest-311\\server\\php\\ext\\php_sodium.dll (The specified module could not be found.)) in Unknown on line 0
[Sun May 07 21:39:56.993318 2023] [mpm_winnt:notice] [pid 13440:tid 460] AH00354: Child: Starting 150 worker threads.
[Sun May 07 21:42:45.320233 2023] [mpm_winnt:notice] [pid 11484:tid 444] AH00422: Parent: Received shutdown signal -- Shutting down the server.
[Sun May 07 21:43:15.321598 2023] [mpm_winnt:notice] [pid 11484:tid 444] AH00431: Parent: Forcing termination of child process 13440
[Sun May 07 21:47:49.315607 2023] [ssl:warn] [pid 14460:tid 432] AH01909: www.example.com:443:0 server certificate does NOT include an ID which matches the server name
[Sun May 07 21:47:49.441530 2023] [ssl:warn] [pid 14460:tid 432] AH01909: www.example.com:443:0 server certificate does NOT include an ID which matches the server name
PHP Warning:  PHP Startup: Unable to load dynamic library 'sodium' (tried: C:\\MoodleWindowsInstaller-latest-311\\server\\php\\ext\\sodium (The specified module could not be found.), C:\\MoodleWindowsInstaller-latest-311\\server\\php\\ext\\php_sodium.dll (The specified module could not be found.)) in Unknown on line 0
[Sun May 07 21:48:05.202363 2023] [mpm_winnt:notice] [pid 14460:tid 432] AH00455: Apache/2.4.53 (Win64) OpenSSL/1.1.1n PHP/7.4.28 configured -- resuming normal operations
[Sun May 07 21:48:05.202363 2023] [mpm_winnt:notice] [pid 14460:tid 432] AH00456: Apache Lounge VC15 Server built: Mar 16 2022 15:48:38
[Sun May 07 21:48:05.202363 2023] [core:notice] [pid 14460:tid 432] AH00094: Command line: 'apache\\bin\\httpd.exe -d C:/MoodleWindowsInstaller-latest-311/server/apache -f conf\\httpd.conf'
[Sun May 07 21:48:05.218863 2023] [mpm_winnt:notice] [pid 14460:tid 432] AH00418: Parent: Created child process 12456
[Sun May 07 21:48:07.138150 2023] [ssl:warn] [pid 12456:tid 468] AH01909: www.example.com:443:0 server certificate does NOT include an ID which matches the server name
[Sun May 07 21:48:07.314123 2023] [ssl:warn] [pid 12456:tid 468] AH01909: www.example.com:443:0 server certificate does NOT include an ID which matches the server name
PHP Warning:  PHP Startup: Unable to load dynamic library 'sodium' (tried: C:\\MoodleWindowsInstaller-latest-311\\server\\php\\ext\\sodium (The specified module could not be found.), C:\\MoodleWindowsInstaller-latest-311\\server\\php\\ext\\php_sodium.dll (The specified module could not be found.)) in Unknown on line 0
[Sun May 07 21:48:07.386807 2023] [mpm_winnt:notice] [pid 12456:tid 468] AH00354: Child: Starting 150 worker threads.
[Sun May 07 22:28:00.354285 2023] [mpm_winnt:notice] [pid 14460:tid 432] AH00422: Parent: Received shutdown signal -- Shutting down the server.
[Sun May 07 22:28:02.371355 2023] [mpm_winnt:notice] [pid 12456:tid 468] AH00364: Child: All worker threads have exited.
[Sun May 07 22:28:02.871711 2023] [mpm_winnt:notice] [pid 14460:tid 432] AH00430: Parent: Child process 12456 exited successfully.
